Traceback (most recent call last):
  File "kivy\properties.pyx", line 860, in kivy.properties.ObservableDict.__getattr__
KeyError: 'GravLens_Image'

During handling of the above exception, another exception occurred:

Traceback (most recent call last):
  File "c:/Users/Nikita/Desktop/CS_426/Image Processer Framework/engine.py", line 64, in <module>
    myApp.run()
  File "C:\Users\Nikita\AppData\Local\Programs\Python\Python38-32\lib\site-packages\kivy\app.py", line 950, in run
    runTouchApp()
  File "C:\Users\Nikita\AppData\Local\Programs\Python\Python38-32\lib\site-packages\kivy\base.py", line 560, in runTouchApp
    EventLoop.mainloop()
  File "C:\Users\Nikita\AppData\Local\Programs\Python\Python38-32\lib\site-packages\kivy\base.py", line 334, in mainloop
    self.idle()
  File "C:\Users\Nikita\AppData\Local\Programs\Python\Python38-32\lib\site-packages\kivy\base.py", line 378, in idle
    self.dispatch_input()
  File "C:\Users\Nikita\AppData\Local\Programs\Python\Python38-32\lib\site-packages\kivy\base.py", line 329, in dispatch_input
    post_dispatch_input(*pop(0))
  File "C:\Users\Nikita\AppData\Local\Programs\Python\Python38-32\lib\site-packages\kivy\base.py", line 295, in post_dispatch_input
    wid.dispatch('on_touch_up', me)
  File "kivy\_event.pyx", line 709, in kivy._event.EventDispatcher.dispatch
  File "C:\Users\Nikita\AppData\Local\Programs\Python\Python38-32\lib\site-packages\kivy\uix\behaviors\button.py", line 179, in on_touch_up
    self.dispatch('on_release')
  File "kivy\_event.pyx", line 705, in kivy._event.EventDispatcher.dispatch
  File "kivy\_event.pyx", line 1248, in kivy._event.EventObservers.dispatch
  File "kivy\_event.pyx", line 1132, in kivy._event.EventObservers._dispatch
  File "C:\Users\Nikita\AppData\Local\Programs\Python\Python38-32\lib\site-packages\kivy\lang\builder.py", line 57, in custom_callback
    exec(__kvlang__.co_value, idmap)
  File "c:\Users\Nikita\Desktop\CS_426\Image Processer Framework\my.kv", line 32, in <module>
    on_release: root.selectCoordinates()
  File "c:\Users\Nikita\Desktop\CS_426\Image Processer Framework\widgets.py", line 125, in selectCoordinates
    imageSize = self.startPopup.ids.GravLens_Image.size
  File "kivy\properties.pyx", line 863, in kivy.properties.ObservableDict.__getattr__
AttributeError: 'super' object has no attribute '__getattr__'
