Traceback (most recent call last):
  File "kivy/properties.pyx", line 860, in kivy.properties.ObservableDict.__getattr__
KeyError: 'data1'

During handling of the above exception, another exception occurred:

Traceback (most recent call last):
  File "./engine.py", line 157, in <module>
    myApp.run()
  File "/home/aditya/kivy_venv/lib/python3.6/site-packages/kivy/app.py", line 855, in run
    runTouchApp()
  File "/home/aditya/kivy_venv/lib/python3.6/site-packages/kivy/base.py", line 504, in runTouchApp
    EventLoop.window.mainloop()
  File "/home/aditya/kivy_venv/lib/python3.6/site-packages/kivy/core/window/window_sdl2.py", line 747, in mainloop
    self._mainloop()
  File "/home/aditya/kivy_venv/lib/python3.6/site-packages/kivy/core/window/window_sdl2.py", line 479, in _mainloop
    EventLoop.idle()
  File "/home/aditya/kivy_venv/lib/python3.6/site-packages/kivy/base.py", line 342, in idle
    self.dispatch_input()
  File "/home/aditya/kivy_venv/lib/python3.6/site-packages/kivy/base.py", line 327, in dispatch_input
    post_dispatch_input(*pop(0))
  File "/home/aditya/kivy_venv/lib/python3.6/site-packages/kivy/base.py", line 293, in post_dispatch_input
    wid.dispatch('on_touch_up', me)
  File "kivy/_event.pyx", line 707, in kivy._event.EventDispatcher.dispatch
  File "/home/aditya/kivy_venv/lib/python3.6/site-packages/kivy/uix/behaviors/button.py", line 179, in on_touch_up
    self.dispatch('on_release')
  File "kivy/_event.pyx", line 703, in kivy._event.EventDispatcher.dispatch
  File "kivy/_event.pyx", line 1214, in kivy._event.EventObservers.dispatch
  File "kivy/_event.pyx", line 1098, in kivy._event.EventObservers._dispatch
  File "/home/aditya/kivy_venv/lib/python3.6/site-packages/kivy/lang/builder.py", line 64, in custom_callback
    exec(__kvlang__.co_value, idmap)
  File "/home/aditya/Documents/Unr Stuff/CS 425 - Senior Project/Graphical User Interface/LookingMass/Image Processer Framework/my.kv", line 27, in <module>
    on_release: root.requestMetadata()
  File "/home/aditya/Documents/Unr Stuff/CS 425 - Senior Project/Graphical User Interface/LookingMass/Image Processer Framework/widgets.py", line 415, in requestMetadata
    self.metaPopup.ids.data1.Metadata1 = "asdfasdf"
  File "kivy/properties.pyx", line 863, in kivy.properties.ObservableDict.__getattr__
AttributeError: 'super' object has no attribute '__getattr__'
